[debug] [2025-08-17T08:36:11.376Z] ----------------------------------------------------------------------
[debug] [2025-08-17T08:36:11.378Z] Command:       /usr/local/bin/node /usr/local/bin/firebase emulators:start
[debug] [2025-08-17T08:36:11.378Z] CLI Version:   14.12.1
[debug] [2025-08-17T08:36:11.378Z] Platform:      darwin
[debug] [2025-08-17T08:36:11.378Z] Node Version:  v22.14.0
[debug] [2025-08-17T08:36:11.379Z] Time:          Sun Aug 17 2025 10:36:11 GMT+0200 (heure d’été d’Europe centrale)
[debug] [2025-08-17T08:36:11.379Z] ----------------------------------------------------------------------
[debug] 
[debug] [2025-08-17T08:36:11.543Z] openjdk version "24.0.2" 2025-07-15
OpenJDK Runtime Environment Homebrew (build 24.0.2)

[debug] [2025-08-17T08:36:11.544Z] OpenJDK 64-Bit Server VM Homebrew (build 24.0.2, mixed mode, sharing)

[debug] [2025-08-17T08:36:11.547Z] Parsed Java major version: 24
[info] i  emulators: Starting emulators: auth, firestore {"metadata":{"emulator":{"name":"hub"},"message":"Starting emulators: auth, firestore"}}
[info] i  emulators: Detected demo project ID "demo-chine-en-vrai", emulated services will use a demo configuration and attempts to access non-emulated services for this project will fail. {"metadata":{"emulator":{"name":"hub"},"message":"Detected demo project ID \"demo-chine-en-vrai\", emulated services will use a demo configuration and attempts to access non-emulated services for this project will fail."}}
[debug] [2025-08-17T08:36:12.176Z] [logging] Logging Emulator only supports listening on one address (127.0.0.1). Not listening on ::1
[debug] [2025-08-17T08:36:12.176Z] [auth] Authentication Emulator only supports listening on one address (127.0.0.1). Not listening on ::1
[debug] [2025-08-17T08:36:12.176Z] [firestore] Firestore Emulator only supports listening on one address (127.0.0.1). Not listening on ::1
[debug] [2025-08-17T08:36:12.176Z] [firestore.websocket] websocket server for firestore only supports listening on one address (127.0.0.1). Not listening on ::1
[debug] [2025-08-17T08:36:12.176Z] assigned listening specs for emulators {"user":{"hub":[{"address":"127.0.0.1","family":"IPv4","port":4400},{"address":"::1","family":"IPv6","port":4400}],"ui":[{"address":"127.0.0.1","family":"IPv4","port":4000},{"address":"::1","family":"IPv6","port":4000}],"logging":[{"address":"127.0.0.1","family":"IPv4","port":4500}],"auth":[{"address":"127.0.0.1","family":"IPv4","port":9099}],"firestore":[{"address":"127.0.0.1","family":"IPv4","port":8080}],"firestore.websocket":[{"address":"127.0.0.1","family":"IPv4","port":9150}]},"metadata":{"message":"assigned listening specs for emulators"}}
[debug] [2025-08-17T08:36:12.178Z] [hub] writing locator at /var/folders/yt/24bjtfk54zn2ztlxqp368169v88jf7/T/hub-demo-chine-en-vrai.json
[warn] ⚠  firestore: Cloud Firestore Emulator does not support multiple databases yet. {"metadata":{"emulator":{"name":"firestore"},"message":"Cloud Firestore Emulator does not support multiple databases yet."}}
[warn] ⚠  firestore: Did not find a Cloud Firestore rules file specified in a firebase.json config file. {"metadata":{"emulator":{"name":"firestore"},"message":"Did not find a Cloud Firestore rules file specified in a firebase.json config file."}}
[warn] ⚠  firestore: The emulator will default to allowing all reads and writes. Learn more about this option: https://firebase.google.com/docs/emulator-suite/install_and_configure#security_rules_configuration. {"metadata":{"emulator":{"name":"firestore"},"message":"The emulator will default to allowing all reads and writes. Learn more about this option: https://firebase.google.com/docs/emulator-suite/install_and_configure#security_rules_configuration."}}
[info] i  firestore: downloading cloud-firestore-emulator-v1.19.8.jar... {"metadata":{"emulator":{"name":"firestore"},"message":"downloading cloud-firestore-emulator-v1.19.8.jar..."}}
[debug] [2025-08-17T08:36:12.183Z] >>> [apiv2][query] GET https://storage.googleapis.com/firebase-preview-drop/emulator/cloud-firestore-emulator-v1.19.8.jar 
[debug] [2025-08-17T08:36:12.412Z] <<< [apiv2][status] GET https://storage.googleapis.com/firebase-preview-drop/emulator/cloud-firestore-emulator-v1.19.8.jar 200
[debug] [2025-08-17T08:36:12.412Z] <<< [apiv2][body] GET https://storage.googleapis.com/firebase-preview-drop/emulator/cloud-firestore-emulator-v1.19.8.jar [stream]
[debug] [2025-08-17T08:36:14.459Z] Ignoring unsupported arg: auto_download {"metadata":{"emulator":{"name":"firestore"},"message":"Ignoring unsupported arg: auto_download"}}
[debug] [2025-08-17T08:36:14.459Z] Ignoring unsupported arg: single_project_mode_error {"metadata":{"emulator":{"name":"firestore"},"message":"Ignoring unsupported arg: single_project_mode_error"}}
[debug] [2025-08-17T08:36:14.459Z] Starting Firestore Emulator with command {"binary":"java","args":["-Dgoogle.cloud_firestore.debug_log_level=FINE","-Duser.language=en","-jar","/Users/mvillers/.cache/firebase/emulators/cloud-firestore-emulator-v1.19.8.jar","--host","127.0.0.1","--port",8080,"--websocket_port",9150,"--project_id","demo-chine-en-vrai","--single_project_mode",true],"optionalArgs":["port","webchannel_port","host","rules","websocket_port","functions_emulator","seed_from_export","project_id","single_project_mode"],"joinArgs":false,"shell":false,"port":8080} {"metadata":{"emulator":{"name":"firestore"},"message":"Starting Firestore Emulator with command {\"binary\":\"java\",\"args\":[\"-Dgoogle.cloud_firestore.debug_log_level=FINE\",\"-Duser.language=en\",\"-jar\",\"/Users/mvillers/.cache/firebase/emulators/cloud-firestore-emulator-v1.19.8.jar\",\"--host\",\"127.0.0.1\",\"--port\",8080,\"--websocket_port\",9150,\"--project_id\",\"demo-chine-en-vrai\",\"--single_project_mode\",true],\"optionalArgs\":[\"port\",\"webchannel_port\",\"host\",\"rules\",\"websocket_port\",\"functions_emulator\",\"seed_from_export\",\"project_id\",\"single_project_mode\"],\"joinArgs\":false,\"shell\":false,\"port\":8080}"}}
[info] i  firestore: Firestore Emulator logging to firestore-debug.log {"metadata":{"emulator":{"name":"firestore"},"message":"Firestore Emulator logging to \u001b[1mfirestore-debug.log\u001b[22m"}}
[debug] [2025-08-17T08:36:14.687Z] WARNING: A terminally deprecated method in sun.misc.Unsafe has been called
WARNING: sun.misc.Unsafe::objectFieldOffset has been called by io.netty.util.internal.PlatformDependent0$4 (file:/Users/mvillers/.cache/firebase/emulators/cloud-firestore-emulator-v1.19.8.jar)
WARNING: Please consider reporting this to the maintainers of class io.netty.util.internal.PlatformDependent0$4
WARNING: sun.misc.Unsafe::objectFieldOffset will be removed in a future release
 {"metadata":{"emulator":{"name":"firestore"},"message":"WARNING: A terminally deprecated method in sun.misc.Unsafe has been called\nWARNING: sun.misc.Unsafe::objectFieldOffset has been called by io.netty.util.internal.PlatformDependent0$4 (file:/Users/mvillers/.cache/firebase/emulators/cloud-firestore-emulator-v1.19.8.jar)\nWARNING: Please consider reporting this to the maintainers of class io.netty.util.internal.PlatformDependent0$4\nWARNING: sun.misc.Unsafe::objectFieldOffset will be removed in a future release\n"}}
[debug] [2025-08-17T08:36:15.058Z] Aug 17, 2025 10:36:15 AM com.google.cloud.datastore.emulator.firestore.websocket.WebSocketServer start
INFO: Started WebSocket server on ws://127.0.0.1:9150
 {"metadata":{"emulator":{"name":"firestore"},"message":"Aug 17, 2025 10:36:15 AM com.google.cloud.datastore.emulator.firestore.websocket.WebSocketServer start\nINFO: Started WebSocket server on ws://127.0.0.1:9150\n"}}
[debug] [2025-08-17T08:36:15.070Z] API endpoint: http://127.0.0.1:8080 {"metadata":{"emulator":{"name":"firestore"},"message":"API endpoint: http://127.0.0.1:8080"}}
[debug] [2025-08-17T08:36:15.070Z] 
If you are using a library that supports the FIRESTORE_EMULATOR_HOST environment variable, run:

   export FIRESTORE_EMULATOR_HOST=127.0.0.1:8080

If you are running a Firestore in Datastore Mode project, run:

   export DATASTORE_EMULATOR_HOST=127.0.0.1:8080

Note: Support for Datastore Mode is in preview. If you encounter any bugs please file at https://github.com/firebase/firebase-tools/issues.
Dev App Server is now running.

 {"metadata":{"emulator":{"name":"firestore"},"message":"\nIf you are using a library that supports the FIRESTORE_EMULATOR_HOST environment variable, run:\n\n   export FIRESTORE_EMULATOR_HOST=127.0.0.1:8080\n\nIf you are running a Firestore in Datastore Mode project, run:\n\n   export DATASTORE_EMULATOR_HOST=127.0.0.1:8080\n\nNote: Support for Datastore Mode is in preview. If you encounter any bugs please file at https://github.com/firebase/firebase-tools/issues.\nDev App Server is now running.\n\n"}}
[info] ✔  firestore: Firestore Emulator UI websocket is running on 9150. {"metadata":{"emulator":{"name":"firestore"},"message":"Firestore Emulator UI websocket is running on 9150."}}
[info] i  ui: downloading ui-v1.15.0.zip... {"metadata":{"emulator":{"name":"ui"},"message":"downloading ui-v1.15.0.zip..."}}
[debug] [2025-08-17T08:36:17.934Z] >>> [apiv2][query] GET https://storage.googleapis.com/firebase-preview-drop/emulator/ui-v1.15.0.zip 
[debug] [2025-08-17T08:36:17.961Z] <<< [apiv2][status] GET https://storage.googleapis.com/firebase-preview-drop/emulator/ui-v1.15.0.zip 200
[debug] [2025-08-17T08:36:17.961Z] <<< [apiv2][body] GET https://storage.googleapis.com/firebase-preview-drop/emulator/ui-v1.15.0.zip [stream]
[debug] [2025-08-17T08:36:18.017Z] Data is 3538469
[debug] [2025-08-17T08:36:18.017Z] [unzip] Entry: client/ (compressed_size=0 bytes, uncompressed_size=0 bytes)
[debug] [2025-08-17T08:36:18.017Z] [unzip] Processing entry: client/
[debug] [2025-08-17T08:36:18.017Z] [unzip] mkdir: /Users/mvillers/.cache/firebase/emulators/ui-v1.15.0/client/
[debug] [2025-08-17T08:36:18.018Z] [unzip] Entry: client/favicon-16x16.png (compressed_size=293 bytes, uncompressed_size=293 bytes)
[debug] [2025-08-17T08:36:18.018Z] [unzip] Processing entry: client/favicon-16x16.png
[debug] [2025-08-17T08:36:18.018Z] [unzip] else mkdir: /Users/mvillers/.cache/firebase/emulators/ui-v1.15.0/client
[debug] [2025-08-17T08:36:18.018Z] [unzip] Writing file: /Users/mvillers/.cache/firebase/emulators/ui-v1.15.0/client/favicon-16x16.png
[debug] [2025-08-17T08:36:18.019Z] [unzip] Entry: client/safari-pinned-tab.svg (compressed_size=1433 bytes, uncompressed_size=2611 bytes)
[debug] [2025-08-17T08:36:18.019Z] [unzip] Processing entry: client/safari-pinned-tab.svg
[debug] [2025-08-17T08:36:18.019Z] [unzip] else mkdir: /Users/mvillers/.cache/firebase/emulators/ui-v1.15.0/client
[debug] [2025-08-17T08:36:18.019Z] [unzip] deflating: /Users/mvillers/.cache/firebase/emulators/ui-v1.15.0/client/safari-pinned-tab.svg
[debug] [2025-08-17T08:36:18.021Z] [unzip] Entry: client/favicon.ico (compressed_size=2933 bytes, uncompressed_size=13294 bytes)
[debug] [2025-08-17T08:36:18.021Z] [unzip] Processing entry: client/favicon.ico
[debug] [2025-08-17T08:36:18.021Z] [unzip] else mkdir: /Users/mvillers/.cache/firebase/emulators/ui-v1.15.0/client
[debug] [2025-08-17T08:36:18.021Z] [unzip] deflating: /Users/mvillers/.cache/firebase/emulators/ui-v1.15.0/client/favicon.ico
[debug] [2025-08-17T08:36:18.021Z] [unzip] Entry: client/index.html (compressed_size=1364 bytes, uncompressed_size=3071 bytes)
[debug] [2025-08-17T08:36:18.021Z] [unzip] Processing entry: client/index.html
[debug] [2025-08-17T08:36:18.021Z] [unzip] else mkdir: /Users/mvillers/.cache/firebase/emulators/ui-v1.15.0/client
[debug] [2025-08-17T08:36:18.022Z] [unzip] deflating: /Users/mvillers/.cache/firebase/emulators/ui-v1.15.0/client/index.html
[debug] [2025-08-17T08:36:18.022Z] [unzip] Entry: client/android-chrome-192x192.png (compressed_size=2684 bytes, uncompressed_size=2684 bytes)
[debug] [2025-08-17T08:36:18.022Z] [unzip] Processing entry: client/android-chrome-192x192.png
[debug] [2025-08-17T08:36:18.022Z] [unzip] else mkdir: /Users/mvillers/.cache/firebase/emulators/ui-v1.15.0/client
[debug] [2025-08-17T08:36:18.022Z] [unzip] Writing file: /Users/mvillers/.cache/firebase/emulators/ui-v1.15.0/client/android-chrome-192x192.png
[debug] [2025-08-17T08:36:18.022Z] [unzip] Entry: client/apple-touch-icon.png (compressed_size=2123 bytes, uncompressed_size=2152 bytes)
[debug] [2025-08-17T08:36:18.022Z] [unzip] Processing entry: client/apple-touch-icon.png
[debug] [2025-08-17T08:36:18.022Z] [unzip] else mkdir: /Users/mvillers/.cache/firebase/emulators/ui-v1.15.0/client
[debug] [2025-08-17T08:36:18.023Z] [unzip] deflating: /Users/mvillers/.cache/firebase/emulators/ui-v1.15.0/client/apple-touch-icon.png
[debug] [2025-08-17T08:36:18.023Z] [unzip] Entry: client/android-chrome-512x512.png (compressed_size=5369 bytes, uncompressed_size=5411 bytes)
[debug] [2025-08-17T08:36:18.023Z] [unzip] Processing entry: client/android-chrome-512x512.png
[debug] [2025-08-17T08:36:18.023Z] [unzip] else mkdir: /Users/mvillers/.cache/firebase/emulators/ui-v1.15.0/client
[debug] [2025-08-17T08:36:18.023Z] [unzip] deflating: /Users/mvillers/.cache/firebase/emulators/ui-v1.15.0/client/android-chrome-512x512.png
[debug] [2025-08-17T08:36:18.024Z] [unzip] Entry: client/manifest.json (compressed_size=245 bytes, uncompressed_size=551 bytes)
[debug] [2025-08-17T08:36:18.024Z] [unzip] Processing entry: client/manifest.json
[debug] [2025-08-17T08:36:18.024Z] [unzip] else mkdir: /Users/mvillers/.cache/firebase/emulators/ui-v1.15.0/client
[debug] [2025-08-17T08:36:18.024Z] [unzip] deflating: /Users/mvillers/.cache/firebase/emulators/ui-v1.15.0/client/manifest.json
[debug] [2025-08-17T08:36:18.024Z] [unzip] Entry: client/robots.txt (compressed_size=26 bytes, uncompressed_size=26 bytes)
[debug] [2025-08-17T08:36:18.024Z] [unzip] Processing entry: client/robots.txt
[debug] [2025-08-17T08:36:18.024Z] [unzip] else mkdir: /Users/mvillers/.cache/firebase/emulators/ui-v1.15.0/client
[debug] [2025-08-17T08:36:18.024Z] [unzip] Writing file: /Users/mvillers/.cache/firebase/emulators/ui-v1.15.0/client/robots.txt
[debug] [2025-08-17T08:36:18.025Z] [unzip] Entry: client/mstile-150x150.png (compressed_size=2034 bytes, uncompressed_size=2034 bytes)
[debug] [2025-08-17T08:36:18.025Z] [unzip] Processing entry: client/mstile-150x150.png
[debug] [2025-08-17T08:36:18.025Z] [unzip] else mkdir: /Users/mvillers/.cache/firebase/emulators/ui-v1.15.0/client
[debug] [2025-08-17T08:36:18.025Z] [unzip] Writing file: /Users/mvillers/.cache/firebase/emulators/ui-v1.15.0/client/mstile-150x150.png
[debug] [2025-08-17T08:36:18.025Z] [unzip] Entry: client/assets/ (compressed_size=0 bytes, uncompressed_size=0 bytes)
[debug] [2025-08-17T08:36:18.025Z] [unzip] Processing entry: client/assets/
[debug] [2025-08-17T08:36:18.025Z] [unzip] mkdir: /Users/mvillers/.cache/firebase/emulators/ui-v1.15.0/client/assets/
[debug] [2025-08-17T08:36:18.025Z] [unzip] Entry: client/assets/index-BX-A56oj.js (compressed_size=582089 bytes, uncompressed_size=2092775 bytes)
[debug] [2025-08-17T08:36:18.025Z] [unzip] Processing entry: client/assets/index-BX-A56oj.js
[debug] [2025-08-17T08:36:18.025Z] [unzip] else mkdir: /Users/mvillers/.cache/firebase/emulators/ui-v1.15.0/client/assets
[debug] [2025-08-17T08:36:18.026Z] [unzip] deflating: /Users/mvillers/.cache/firebase/emulators/ui-v1.15.0/client/assets/index-BX-A56oj.js
[debug] [2025-08-17T08:36:18.033Z] [unzip] Entry: client/assets/index-CjB9C900.css (compressed_size=35979 bytes, uncompressed_size=298654 bytes)
[debug] [2025-08-17T08:36:18.033Z] [unzip] Processing entry: client/assets/index-CjB9C900.css
[debug] [2025-08-17T08:36:18.033Z] [unzip] else mkdir: /Users/mvillers/.cache/firebase/emulators/ui-v1.15.0/client/assets
[debug] [2025-08-17T08:36:18.033Z] [unzip] deflating: /Users/mvillers/.cache/firebase/emulators/ui-v1.15.0/client/assets/index-CjB9C900.css
[debug] [2025-08-17T08:36:18.034Z] [unzip] Entry: client/assets/index-BX-A56oj.js.map (compressed_size=2362482 bytes, uncompressed_size=10036679 bytes)
[debug] [2025-08-17T08:36:18.034Z] [unzip] Processing entry: client/assets/index-BX-A56oj.js.map
[debug] [2025-08-17T08:36:18.034Z] [unzip] else mkdir: /Users/mvillers/.cache/firebase/emulators/ui-v1.15.0/client/assets
[debug] [2025-08-17T08:36:18.034Z] [unzip] deflating: /Users/mvillers/.cache/firebase/emulators/ui-v1.15.0/client/assets/index-BX-A56oj.js.map
[debug] [2025-08-17T08:36:18.065Z] [unzip] Entry: client/assets/extensions/ (compressed_size=0 bytes, uncompressed_size=0 bytes)
[debug] [2025-08-17T08:36:18.065Z] [unzip] Processing entry: client/assets/extensions/
[debug] [2025-08-17T08:36:18.065Z] [unzip] mkdir: /Users/mvillers/.cache/firebase/emulators/ui-v1.15.0/client/assets/extensions/
[debug] [2025-08-17T08:36:18.065Z] [unzip] Entry: client/assets/extensions/default-extension.png (compressed_size=1646 bytes, uncompressed_size=1657 bytes)
[debug] [2025-08-17T08:36:18.065Z] [unzip] Processing entry: client/assets/extensions/default-extension.png
[debug] [2025-08-17T08:36:18.065Z] [unzip] else mkdir: /Users/mvillers/.cache/firebase/emulators/ui-v1.15.0/client/assets/extensions
[debug] [2025-08-17T08:36:18.065Z] [unzip] deflating: /Users/mvillers/.cache/firebase/emulators/ui-v1.15.0/client/assets/extensions/default-extension.png
[debug] [2025-08-17T08:36:18.066Z] [unzip] Entry: client/assets/img/ (compressed_size=0 bytes, uncompressed_size=0 bytes)
[debug] [2025-08-17T08:36:18.066Z] [unzip] Processing entry: client/assets/img/
[debug] [2025-08-17T08:36:18.066Z] [unzip] mkdir: /Users/mvillers/.cache/firebase/emulators/ui-v1.15.0/client/assets/img/
[debug] [2025-08-17T08:36:18.066Z] [unzip] Entry: client/assets/img/database.png (compressed_size=29449 bytes, uncompressed_size=29988 bytes)
[debug] [2025-08-17T08:36:18.066Z] [unzip] Processing entry: client/assets/img/database.png
[debug] [2025-08-17T08:36:18.066Z] [unzip] else mkdir: /Users/mvillers/.cache/firebase/emulators/ui-v1.15.0/client/assets/img
[debug] [2025-08-17T08:36:18.066Z] [unzip] deflating: /Users/mvillers/.cache/firebase/emulators/ui-v1.15.0/client/assets/img/database.png
[debug] [2025-08-17T08:36:18.066Z] [unzip] Entry: client/assets/provider-icons/ (compressed_size=0 bytes, uncompressed_size=0 bytes)
[debug] [2025-08-17T08:36:18.066Z] [unzip] Processing entry: client/assets/provider-icons/
[debug] [2025-08-17T08:36:18.066Z] [unzip] mkdir: /Users/mvillers/.cache/firebase/emulators/ui-v1.15.0/client/assets/provider-icons/
[debug] [2025-08-17T08:36:18.066Z] [unzip] Entry: client/assets/provider-icons/auth_service_saml.svg (compressed_size=575 bytes, uncompressed_size=1226 bytes)
[debug] [2025-08-17T08:36:18.066Z] [unzip] Processing entry: client/assets/provider-icons/auth_service_saml.svg
[debug] [2025-08-17T08:36:18.066Z] [unzip] else mkdir: /Users/mvillers/.cache/firebase/emulators/ui-v1.15.0/client/assets/provider-icons
[debug] [2025-08-17T08:36:18.067Z] [unzip] deflating: /Users/mvillers/.cache/firebase/emulators/ui-v1.15.0/client/assets/provider-icons/auth_service_saml.svg
[debug] [2025-08-17T08:36:18.067Z] [unzip] Entry: client/assets/provider-icons/auth_service_phone.svg (compressed_size=261 bytes, uncompressed_size=414 bytes)
[debug] [2025-08-17T08:36:18.067Z] [unzip] Processing entry: client/assets/provider-icons/auth_service_phone.svg
[debug] [2025-08-17T08:36:18.067Z] [unzip] else mkdir: /Users/mvillers/.cache/firebase/emulators/ui-v1.15.0/client/assets/provider-icons
[debug] [2025-08-17T08:36:18.067Z] [unzip] deflating: /Users/mvillers/.cache/firebase/emulators/ui-v1.15.0/client/assets/provider-icons/auth_service_phone.svg
[debug] [2025-08-17T08:36:18.068Z] [unzip] Entry: client/assets/provider-icons/auth_service_facebook.svg (compressed_size=289 bytes, uncompressed_size=457 bytes)
[debug] [2025-08-17T08:36:18.068Z] [unzip] Processing entry: client/assets/provider-icons/auth_service_facebook.svg
[debug] [2025-08-17T08:36:18.068Z] [unzip] else mkdir: /Users/mvillers/.cache/firebase/emulators/ui-v1.15.0/client/assets/provider-icons
[debug] [2025-08-17T08:36:18.068Z] [unzip] deflating: /Users/mvillers/.cache/firebase/emulators/ui-v1.15.0/client/assets/provider-icons/auth_service_facebook.svg
[debug] [2025-08-17T08:36:18.068Z] [unzip] Entry: client/assets/provider-icons/auth_service_game_center.svg (compressed_size=991 bytes, uncompressed_size=3921 bytes)
[debug] [2025-08-17T08:36:18.068Z] [unzip] Processing entry: client/assets/provider-icons/auth_service_game_center.svg
[debug] [2025-08-17T08:36:18.068Z] [unzip] else mkdir: /Users/mvillers/.cache/firebase/emulators/ui-v1.15.0/client/assets/provider-icons
[debug] [2025-08-17T08:36:18.068Z] [unzip] deflating: /Users/mvillers/.cache/firebase/emulators/ui-v1.15.0/client/assets/provider-icons/auth_service_game_center.svg
[debug] [2025-08-17T08:36:18.069Z] [unzip] Entry: client/assets/provider-icons/auth_service_apple.svg (compressed_size=230 bytes, uncompressed_size=334 bytes)
[debug] [2025-08-17T08:36:18.069Z] [unzip] Processing entry: client/assets/provider-icons/auth_service_apple.svg
[debug] [2025-08-17T08:36:18.069Z] [unzip] else mkdir: /Users/mvillers/.cache/firebase/emulators/ui-v1.15.0/client/assets/provider-icons
[debug] [2025-08-17T08:36:18.069Z] [unzip] deflating: /Users/mvillers/.cache/firebase/emulators/ui-v1.15.0/client/assets/provider-icons/auth_service_apple.svg
[debug] [2025-08-17T08:36:18.069Z] [unzip] Entry: client/assets/provider-icons/auth_service_github.svg (compressed_size=466 bytes, uncompressed_size=838 bytes)
[debug] [2025-08-17T08:36:18.069Z] [unzip] Processing entry: client/assets/provider-icons/auth_service_github.svg
[debug] [2025-08-17T08:36:18.069Z] [unzip] else mkdir: /Users/mvillers/.cache/firebase/emulators/ui-v1.15.0/client/assets/provider-icons
[debug] [2025-08-17T08:36:18.069Z] [unzip] deflating: /Users/mvillers/.cache/firebase/emulators/ui-v1.15.0/client/assets/provider-icons/auth_service_github.svg
[debug] [2025-08-17T08:36:18.069Z] [unzip] Entry: client/assets/provider-icons/auth_service_mslive.svg (compressed_size=203 bytes, uncompressed_size=378 bytes)
[debug] [2025-08-17T08:36:18.069Z] [unzip] Processing entry: client/assets/provider-icons/auth_service_mslive.svg
[debug] [2025-08-17T08:36:18.069Z] [unzip] else mkdir: /Users/mvillers/.cache/firebase/emulators/ui-v1.15.0/client/assets/provider-icons
[debug] [2025-08-17T08:36:18.070Z] [unzip] deflating: /Users/mvillers/.cache/firebase/emulators/ui-v1.15.0/client/assets/provider-icons/auth_service_mslive.svg
[debug] [2025-08-17T08:36:18.070Z] [unzip] Entry: client/assets/provider-icons/auth_service_yahoo.svg (compressed_size=577 bytes, uncompressed_size=1182 bytes)
[debug] [2025-08-17T08:36:18.070Z] [unzip] Processing entry: client/assets/provider-icons/auth_service_yahoo.svg
[debug] [2025-08-17T08:36:18.070Z] [unzip] else mkdir: /Users/mvillers/.cache/firebase/emulators/ui-v1.15.0/client/assets/provider-icons
[debug] [2025-08-17T08:36:18.070Z] [unzip] deflating: /Users/mvillers/.cache/firebase/emulators/ui-v1.15.0/client/assets/provider-icons/auth_service_yahoo.svg
[debug] [2025-08-17T08:36:18.070Z] [unzip] Entry: client/assets/provider-icons/auth_service_twitter.svg (compressed_size=444 bytes, uncompressed_size=751 bytes)
[debug] [2025-08-17T08:36:18.070Z] [unzip] Processing entry: client/assets/provider-icons/auth_service_twitter.svg
[debug] [2025-08-17T08:36:18.070Z] [unzip] else mkdir: /Users/mvillers/.cache/firebase/emulators/ui-v1.15.0/client/assets/provider-icons
[debug] [2025-08-17T08:36:18.070Z] [unzip] deflating: /Users/mvillers/.cache/firebase/emulators/ui-v1.15.0/client/assets/provider-icons/auth_service_twitter.svg
[debug] [2025-08-17T08:36:18.071Z] [unzip] Entry: client/assets/provider-icons/auth_service_play_games.svg (compressed_size=565 bytes, uncompressed_size=1173 bytes)
[debug] [2025-08-17T08:36:18.071Z] [unzip] Processing entry: client/assets/provider-icons/auth_service_play_games.svg
[debug] [2025-08-17T08:36:18.071Z] [unzip] else mkdir: /Users/mvillers/.cache/firebase/emulators/ui-v1.15.0/client/assets/provider-icons
[debug] [2025-08-17T08:36:18.071Z] [unzip] deflating: /Users/mvillers/.cache/firebase/emulators/ui-v1.15.0/client/assets/provider-icons/auth_service_play_games.svg
[debug] [2025-08-17T08:36:18.071Z] [unzip] Entry: client/assets/provider-icons/auth_service_email.svg (compressed_size=228 bytes, uncompressed_size=326 bytes)
[debug] [2025-08-17T08:36:18.071Z] [unzip] Processing entry: client/assets/provider-icons/auth_service_email.svg
[debug] [2025-08-17T08:36:18.071Z] [unzip] else mkdir: /Users/mvillers/.cache/firebase/emulators/ui-v1.15.0/client/assets/provider-icons
[debug] [2025-08-17T08:36:18.071Z] [unzip] deflating: /Users/mvillers/.cache/firebase/emulators/ui-v1.15.0/client/assets/provider-icons/auth_service_email.svg
[debug] [2025-08-17T08:36:18.071Z] [unzip] Entry: client/assets/provider-icons/auth_service_google.svg (compressed_size=409 bytes, uncompressed_size=720 bytes)
[debug] [2025-08-17T08:36:18.071Z] [unzip] Processing entry: client/assets/provider-icons/auth_service_google.svg
[debug] [2025-08-17T08:36:18.071Z] [unzip] else mkdir: /Users/mvillers/.cache/firebase/emulators/ui-v1.15.0/client/assets/provider-icons
[debug] [2025-08-17T08:36:18.071Z] [unzip] deflating: /Users/mvillers/.cache/firebase/emulators/ui-v1.15.0/client/assets/provider-icons/auth_service_google.svg
[debug] [2025-08-17T08:36:18.072Z] [unzip] Entry: client/assets/provider-icons/auth_service_oidc.svg (compressed_size=414 bytes, uncompressed_size=858 bytes)
[debug] [2025-08-17T08:36:18.072Z] [unzip] Processing entry: client/assets/provider-icons/auth_service_oidc.svg
[debug] [2025-08-17T08:36:18.072Z] [unzip] else mkdir: /Users/mvillers/.cache/firebase/emulators/ui-v1.15.0/client/assets/provider-icons
[debug] [2025-08-17T08:36:18.072Z] [unzip] deflating: /Users/mvillers/.cache/firebase/emulators/ui-v1.15.0/client/assets/provider-icons/auth_service_oidc.svg
[debug] [2025-08-17T08:36:18.072Z] [unzip] Entry: client/browserconfig.xml (compressed_size=491 bytes, uncompressed_size=822 bytes)
[debug] [2025-08-17T08:36:18.072Z] [unzip] Processing entry: client/browserconfig.xml
[debug] [2025-08-17T08:36:18.072Z] [unzip] else mkdir: /Users/mvillers/.cache/firebase/emulators/ui-v1.15.0/client
[debug] [2025-08-17T08:36:18.072Z] [unzip] deflating: /Users/mvillers/.cache/firebase/emulators/ui-v1.15.0/client/browserconfig.xml
[debug] [2025-08-17T08:36:18.072Z] [unzip] Entry: client/favicon-32x32.png (compressed_size=475 bytes, uncompressed_size=475 bytes)
[debug] [2025-08-17T08:36:18.072Z] [unzip] Processing entry: client/favicon-32x32.png
[debug] [2025-08-17T08:36:18.072Z] [unzip] else mkdir: /Users/mvillers/.cache/firebase/emulators/ui-v1.15.0/client
[debug] [2025-08-17T08:36:18.072Z] [unzip] Writing file: /Users/mvillers/.cache/firebase/emulators/ui-v1.15.0/client/favicon-32x32.png
[debug] [2025-08-17T08:36:18.072Z] [unzip] Entry: server/ (compressed_size=0 bytes, uncompressed_size=0 bytes)
[debug] [2025-08-17T08:36:18.072Z] [unzip] Processing entry: server/
[debug] [2025-08-17T08:36:18.072Z] [unzip] mkdir: /Users/mvillers/.cache/firebase/emulators/ui-v1.15.0/server/
[debug] [2025-08-17T08:36:18.073Z] [unzip] Entry: server/server.mjs.map (compressed_size=217845 bytes, uncompressed_size=944978 bytes)
[debug] [2025-08-17T08:36:18.073Z] [unzip] Processing entry: server/server.mjs.map
[debug] [2025-08-17T08:36:18.073Z] [unzip] else mkdir: /Users/mvillers/.cache/firebase/emulators/ui-v1.15.0/server
[debug] [2025-08-17T08:36:18.073Z] [unzip] deflating: /Users/mvillers/.cache/firebase/emulators/ui-v1.15.0/server/server.mjs.map
[debug] [2025-08-17T08:36:18.076Z] [unzip] Entry: server/server.mjs (compressed_size=276407 bytes, uncompressed_size=933701 bytes)
[debug] [2025-08-17T08:36:18.076Z] [unzip] Processing entry: server/server.mjs
[debug] [2025-08-17T08:36:18.076Z] [unzip] else mkdir: /Users/mvillers/.cache/firebase/emulators/ui-v1.15.0/server
[debug] [2025-08-17T08:36:18.076Z] [unzip] deflating: /Users/mvillers/.cache/firebase/emulators/ui-v1.15.0/server/server.mjs
[debug] [2025-08-17T08:36:18.082Z] Could not find VSCode notification endpoint: FetchError: request to http://localhost:40001/vscode/notify failed, reason: . If you are not running the Firebase Data Connect VSCode extension, this is expected and not an issue.
[info] 
┌─────────────────────────────────────────────────────────────┐
│ ✔  All emulators ready! It is now safe to connect your app. │
│ i  View Emulator UI at http://127.0.0.1:4000/               │
└─────────────────────────────────────────────────────────────┘

┌────────────────┬────────────────┬─────────────────────────────────┐
│ Emulator       │ Host:Port      │ View in Emulator UI             │
├────────────────┼────────────────┼─────────────────────────────────┤
│ Authentication │ 127.0.0.1:9099 │ http://127.0.0.1:4000/auth      │
├────────────────┼────────────────┼─────────────────────────────────┤
│ Firestore      │ 127.0.0.1:8080 │ http://127.0.0.1:4000/firestore │
└────────────────┴────────────────┴─────────────────────────────────┘
  Emulator Hub host: 127.0.0.1 port: 4400
  Other reserved ports: 4500, 9150

Issues? Report them at https://github.com/firebase/firebase-tools/issues and attach the *-debug.log files.
 
[debug] [2025-08-17T08:36:24.919Z] Aug 17, 2025 10:36:24 AM com.google.cloud.datastore.emulator.firestore.websocket.WebSocketChannelHandler initChannel
INFO: Connected to new websocket client
 {"metadata":{"emulator":{"name":"firestore"},"message":"Aug 17, 2025 10:36:24 AM com.google.cloud.datastore.emulator.firestore.websocket.WebSocketChannelHandler initChannel\nINFO: Connected to new websocket client\n"}}
[debug] [2025-08-17T08:36:26.493Z] Aug 17, 2025 10:36:26 AM io.gapi.emulators.netty.HttpVersionRoutingHandler channelRead
INFO: Detected non-HTTP/2 connection.
 {"metadata":{"emulator":{"name":"firestore"},"message":"Aug 17, 2025 10:36:26 AM io.gapi.emulators.netty.HttpVersionRoutingHandler channelRead\nINFO: Detected non-HTTP/2 connection.\n"}}
[debug] [2025-08-17T08:36:26.575Z] Aug 17, 2025 10:36:26 AM io.gapi.emulators.netty.HttpVersionRoutingHandler channelRead
INFO: Detected HTTP/2 connection.
 {"metadata":{"emulator":{"name":"firestore"},"message":"Aug 17, 2025 10:36:26 AM io.gapi.emulators.netty.HttpVersionRoutingHandler channelRead\nINFO: Detected HTTP/2 connection.\n"}}
[debug] [2025-08-17T08:36:35.295Z] Aug 17, 2025 10:36:35 AM io.gapi.emulators.netty.HttpVersionRoutingHandler channelRead
INFO: Detected non-HTTP/2 connection.
 {"metadata":{"emulator":{"name":"firestore"},"message":"Aug 17, 2025 10:36:35 AM io.gapi.emulators.netty.HttpVersionRoutingHandler channelRead\nINFO: Detected non-HTTP/2 connection.\n"}}
[debug] [2025-08-17T08:36:43.249Z] Aug 17, 2025 10:36:43 AM io.gapi.emulators.netty.HttpVersionRoutingHandler channelRead
INFO: Detected non-HTTP/2 connection.
 {"metadata":{"emulator":{"name":"firestore"},"message":"Aug 17, 2025 10:36:43 AM io.gapi.emulators.netty.HttpVersionRoutingHandler channelRead\nINFO: Detected non-HTTP/2 connection.\n"}}
[debug] [2025-08-17T08:36:43.494Z] Aug 17, 2025 10:36:43 AM io.gapi.emulators.netty.HttpVersionRoutingHandler channelRead
INFO: Detected non-HTTP/2 connection.
 {"metadata":{"emulator":{"name":"firestore"},"message":"Aug 17, 2025 10:36:43 AM io.gapi.emulators.netty.HttpVersionRoutingHandler channelRead\nINFO: Detected non-HTTP/2 connection.\n"}}
[debug] [2025-08-17T08:36:43.504Z] Aug 17, 2025 10:36:43 AM io.gapi.emulators.netty.HttpVersionRoutingHandler channelRead
INFO: Detected non-HTTP/2 connection.
 {"metadata":{"emulator":{"name":"firestore"},"message":"Aug 17, 2025 10:36:43 AM io.gapi.emulators.netty.HttpVersionRoutingHandler channelRead\nINFO: Detected non-HTTP/2 connection.\n"}}
[debug] [2025-08-17T08:36:47.342Z] Aug 17, 2025 10:36:47 AM io.gapi.emulators.netty.HttpVersionRoutingHandler channelRead
INFO: Detected non-HTTP/2 connection.
 {"metadata":{"emulator":{"name":"firestore"},"message":"Aug 17, 2025 10:36:47 AM io.gapi.emulators.netty.HttpVersionRoutingHandler channelRead\nINFO: Detected non-HTTP/2 connection.\n"}}
[debug] [2025-08-17T08:36:47.360Z] Aug 17, 2025 10:36:47 AM io.gapi.emulators.netty.HttpVersionRoutingHandler channelRead
INFO: Detected non-HTTP/2 connection.
 {"metadata":{"emulator":{"name":"firestore"},"message":"Aug 17, 2025 10:36:47 AM io.gapi.emulators.netty.HttpVersionRoutingHandler channelRead\nINFO: Detected non-HTTP/2 connection.\n"}}
[debug] [2025-08-17T08:36:53.830Z] Aug 17, 2025 10:36:53 AM io.gapi.emulators.netty.HttpVersionRoutingHandler channelRead
INFO: Detected non-HTTP/2 connection.
 {"metadata":{"emulator":{"name":"firestore"},"message":"Aug 17, 2025 10:36:53 AM io.gapi.emulators.netty.HttpVersionRoutingHandler channelRead\nINFO: Detected non-HTTP/2 connection.\n"}}
[debug] [2025-08-17T08:36:53.855Z] Aug 17, 2025 10:36:53 AM io.gapi.emulators.netty.HttpVersionRoutingHandler channelRead
INFO: Detected non-HTTP/2 connection.
 {"metadata":{"emulator":{"name":"firestore"},"message":"Aug 17, 2025 10:36:53 AM io.gapi.emulators.netty.HttpVersionRoutingHandler channelRead\nINFO: Detected non-HTTP/2 connection.\n"}}
[debug] [2025-08-17T08:36:55.052Z] Aug 17, 2025 10:36:55 AM io.gapi.emulators.netty.HttpVersionRoutingHandler channelRead
INFO: Detected non-HTTP/2 connection.
 {"metadata":{"emulator":{"name":"firestore"},"message":"Aug 17, 2025 10:36:55 AM io.gapi.emulators.netty.HttpVersionRoutingHandler channelRead\nINFO: Detected non-HTTP/2 connection.\n"}}
[debug] [2025-08-17T08:36:55.066Z] Aug 17, 2025 10:36:55 AM io.gapi.emulators.netty.HttpVersionRoutingHandler channelRead
INFO: Detected non-HTTP/2 connection.
 {"metadata":{"emulator":{"name":"firestore"},"message":"Aug 17, 2025 10:36:55 AM io.gapi.emulators.netty.HttpVersionRoutingHandler channelRead\nINFO: Detected non-HTTP/2 connection.\n"}}
[debug] [2025-08-17T08:37:29.760Z] Aug 17, 2025 10:37:29 AM io.gapi.emulators.netty.HttpVersionRoutingHandler channelRead
INFO: Detected non-HTTP/2 connection.
 {"metadata":{"emulator":{"name":"firestore"},"message":"Aug 17, 2025 10:37:29 AM io.gapi.emulators.netty.HttpVersionRoutingHandler channelRead\nINFO: Detected non-HTTP/2 connection.\n"}}
[debug] [2025-08-17T08:37:29.777Z] Aug 17, 2025 10:37:29 AM io.gapi.emulators.netty.HttpVersionRoutingHandler channelRead
INFO: Detected non-HTTP/2 connection.
 {"metadata":{"emulator":{"name":"firestore"},"message":"Aug 17, 2025 10:37:29 AM io.gapi.emulators.netty.HttpVersionRoutingHandler channelRead\nINFO: Detected non-HTTP/2 connection.\n"}}
[debug] [2025-08-17T08:37:29.789Z] Aug 17, 2025 10:37:29 AM io.gapi.emulators.netty.HttpVersionRoutingHandler channelRead
INFO: Detected non-HTTP/2 connection.
 {"metadata":{"emulator":{"name":"firestore"},"message":"Aug 17, 2025 10:37:29 AM io.gapi.emulators.netty.HttpVersionRoutingHandler channelRead\nINFO: Detected non-HTTP/2 connection.\n"}}
[debug] [2025-08-17T08:37:33.494Z] Aug 17, 2025 10:37:33 AM io.gapi.emulators.netty.HttpVersionRoutingHandler channelRead
INFO: Detected non-HTTP/2 connection.
 {"metadata":{"emulator":{"name":"firestore"},"message":"Aug 17, 2025 10:37:33 AM io.gapi.emulators.netty.HttpVersionRoutingHandler channelRead\nINFO: Detected non-HTTP/2 connection.\n"}}
[debug] [2025-08-17T08:37:33.510Z] Aug 17, 2025 10:37:33 AM io.gapi.emulators.netty.HttpVersionRoutingHandler channelRead
INFO: Detected non-HTTP/2 connection.
 {"metadata":{"emulator":{"name":"firestore"},"message":"Aug 17, 2025 10:37:33 AM io.gapi.emulators.netty.HttpVersionRoutingHandler channelRead\nINFO: Detected non-HTTP/2 connection.\n"}}
[debug] [2025-08-17T08:37:48.487Z] Aug 17, 2025 10:37:48 AM io.gapi.emulators.netty.HttpVersionRoutingHandler channelRead
INFO: Detected non-HTTP/2 connection.
 {"metadata":{"emulator":{"name":"firestore"},"message":"Aug 17, 2025 10:37:48 AM io.gapi.emulators.netty.HttpVersionRoutingHandler channelRead\nINFO: Detected non-HTTP/2 connection.\n"}}
[debug] [2025-08-17T08:37:48.504Z] Aug 17, 2025 10:37:48 AM io.gapi.emulators.netty.HttpVersionRoutingHandler channelRead
INFO: Detected non-HTTP/2 connection.
 {"metadata":{"emulator":{"name":"firestore"},"message":"Aug 17, 2025 10:37:48 AM io.gapi.emulators.netty.HttpVersionRoutingHandler channelRead\nINFO: Detected non-HTTP/2 connection.\n"}}
[debug] [2025-08-17T08:37:51.937Z] Aug 17, 2025 10:37:51 AM io.gapi.emulators.netty.HttpVersionRoutingHandler channelRead
INFO: Detected non-HTTP/2 connection.
 {"metadata":{"emulator":{"name":"firestore"},"message":"Aug 17, 2025 10:37:51 AM io.gapi.emulators.netty.HttpVersionRoutingHandler channelRead\nINFO: Detected non-HTTP/2 connection.\n"}}
[debug] [2025-08-17T08:37:51.950Z] Aug 17, 2025 10:37:51 AM io.gapi.emulators.netty.HttpVersionRoutingHandler channelRead
INFO: Detected non-HTTP/2 connection.
 {"metadata":{"emulator":{"name":"firestore"},"message":"Aug 17, 2025 10:37:51 AM io.gapi.emulators.netty.HttpVersionRoutingHandler channelRead\nINFO: Detected non-HTTP/2 connection.\n"}}
[debug] [2025-08-17T08:37:56.232Z] Aug 17, 2025 10:37:56 AM io.gapi.emulators.netty.HttpVersionRoutingHandler channelRead
INFO: Detected non-HTTP/2 connection.
 {"metadata":{"emulator":{"name":"firestore"},"message":"Aug 17, 2025 10:37:56 AM io.gapi.emulators.netty.HttpVersionRoutingHandler channelRead\nINFO: Detected non-HTTP/2 connection.\n"}}
[debug] [2025-08-17T08:38:01.181Z] Aug 17, 2025 10:38:01 AM io.gapi.emulators.netty.HttpVersionRoutingHandler channelRead
INFO: Detected non-HTTP/2 connection.
 {"metadata":{"emulator":{"name":"firestore"},"message":"Aug 17, 2025 10:38:01 AM io.gapi.emulators.netty.HttpVersionRoutingHandler channelRead\nINFO: Detected non-HTTP/2 connection.\n"}}
[debug] [2025-08-17T08:38:21.959Z] Aug 17, 2025 10:38:21 AM io.gapi.emulators.netty.HttpVersionRoutingHandler channelRead
INFO: Detected non-HTTP/2 connection.
 {"metadata":{"emulator":{"name":"firestore"},"message":"Aug 17, 2025 10:38:21 AM io.gapi.emulators.netty.HttpVersionRoutingHandler channelRead\nINFO: Detected non-HTTP/2 connection.\n"}}
[debug] [2025-08-17T08:38:22.049Z] Aug 17, 2025 10:38:22 AM io.gapi.emulators.netty.HttpVersionRoutingHandler channelRead
INFO: Detected non-HTTP/2 connection.
 {"metadata":{"emulator":{"name":"firestore"},"message":"Aug 17, 2025 10:38:22 AM io.gapi.emulators.netty.HttpVersionRoutingHandler channelRead\nINFO: Detected non-HTTP/2 connection.\n"}}
[debug] [2025-08-17T08:38:22.082Z] Aug 17, 2025 10:38:22 AM io.gapi.emulators.netty.HttpVersionRoutingHandler channelRead
INFO: Detected non-HTTP/2 connection.
 {"metadata":{"emulator":{"name":"firestore"},"message":"Aug 17, 2025 10:38:22 AM io.gapi.emulators.netty.HttpVersionRoutingHandler channelRead\nINFO: Detected non-HTTP/2 connection.\n"}}
[debug] [2025-08-17T08:38:25.836Z] Aug 17, 2025 10:38:25 AM io.gapi.emulators.netty.HttpVersionRoutingHandler channelRead
INFO: Detected non-HTTP/2 connection.
 {"metadata":{"emulator":{"name":"firestore"},"message":"Aug 17, 2025 10:38:25 AM io.gapi.emulators.netty.HttpVersionRoutingHandler channelRead\nINFO: Detected non-HTTP/2 connection.\n"}}
[debug] [2025-08-17T08:38:25.853Z] Aug 17, 2025 10:38:25 AM io.gapi.emulators.netty.HttpVersionRoutingHandler channelRead
INFO: Detected non-HTTP/2 connection.
 {"metadata":{"emulator":{"name":"firestore"},"message":"Aug 17, 2025 10:38:25 AM io.gapi.emulators.netty.HttpVersionRoutingHandler channelRead\nINFO: Detected non-HTTP/2 connection.\n"}}
[debug] [2025-08-17T08:38:25.859Z] Aug 17, 2025 10:38:25 AM io.gapi.emulators.netty.HttpVersionRoutingHandler channelRead
INFO: Detected non-HTTP/2 connection.
 {"metadata":{"emulator":{"name":"firestore"},"message":"Aug 17, 2025 10:38:25 AM io.gapi.emulators.netty.HttpVersionRoutingHandler channelRead\nINFO: Detected non-HTTP/2 connection.\n"}}
[debug] [2025-08-17T08:38:31.865Z] Aug 17, 2025 10:38:31 AM io.gapi.emulators.netty.HttpVersionRoutingHandler channelRead
INFO: Detected non-HTTP/2 connection.
 {"metadata":{"emulator":{"name":"firestore"},"message":"Aug 17, 2025 10:38:31 AM io.gapi.emulators.netty.HttpVersionRoutingHandler channelRead\nINFO: Detected non-HTTP/2 connection.\n"}}
[debug] [2025-08-17T08:38:31.878Z] Aug 17, 2025 10:38:31 AM io.gapi.emulators.netty.HttpVersionRoutingHandler channelRead
INFO: Detected non-HTTP/2 connection.
 {"metadata":{"emulator":{"name":"firestore"},"message":"Aug 17, 2025 10:38:31 AM io.gapi.emulators.netty.HttpVersionRoutingHandler channelRead\nINFO: Detected non-HTTP/2 connection.\n"}}
[debug] [2025-08-17T08:39:31.897Z] Aug 17, 2025 10:39:31 AM io.gapi.emulators.netty.HttpVersionRoutingHandler channelRead
INFO: Detected non-HTTP/2 connection.
 {"metadata":{"emulator":{"name":"firestore"},"message":"Aug 17, 2025 10:39:31 AM io.gapi.emulators.netty.HttpVersionRoutingHandler channelRead\nINFO: Detected non-HTTP/2 connection.\n"}}
[debug] [2025-08-17T08:39:31.911Z] Aug 17, 2025 10:39:31 AM io.gapi.emulators.netty.HttpVersionRoutingHandler channelRead
INFO: Detected non-HTTP/2 connection.
 {"metadata":{"emulator":{"name":"firestore"},"message":"Aug 17, 2025 10:39:31 AM io.gapi.emulators.netty.HttpVersionRoutingHandler channelRead\nINFO: Detected non-HTTP/2 connection.\n"}}
[debug] [2025-08-17T08:39:31.913Z] Aug 17, 2025 10:39:31 AM com.google.cloud.datastore.emulator.firestore.webchannel.FirestoreV1WebChannelAdapter$FirestoreListenHandler onClose
INFO: channel closed
 {"metadata":{"emulator":{"name":"firestore"},"message":"Aug 17, 2025 10:39:31 AM com.google.cloud.datastore.emulator.firestore.webchannel.FirestoreV1WebChannelAdapter$FirestoreListenHandler onClose\nINFO: channel closed\n"}}
[debug] [2025-08-17T08:40:12.385Z] Aug 17, 2025 10:40:12 AM io.gapi.emulators.netty.HttpVersionRoutingHandler channelRead
INFO: Detected non-HTTP/2 connection.
 {"metadata":{"emulator":{"name":"firestore"},"message":"Aug 17, 2025 10:40:12 AM io.gapi.emulators.netty.HttpVersionRoutingHandler channelRead\nINFO: Detected non-HTTP/2 connection.\n"}}
[debug] [2025-08-17T08:40:12.401Z] Aug 17, 2025 10:40:12 AM io.gapi.emulators.netty.HttpVersionRoutingHandler channelRead
INFO: Detected non-HTTP/2 connection.
 {"metadata":{"emulator":{"name":"firestore"},"message":"Aug 17, 2025 10:40:12 AM io.gapi.emulators.netty.HttpVersionRoutingHandler channelRead\nINFO: Detected non-HTTP/2 connection.\n"}}
[debug] [2025-08-17T08:40:12.408Z] Aug 17, 2025 10:40:12 AM io.gapi.emulators.netty.HttpVersionRoutingHandler channelRead
INFO: Detected non-HTTP/2 connection.
 {"metadata":{"emulator":{"name":"firestore"},"message":"Aug 17, 2025 10:40:12 AM io.gapi.emulators.netty.HttpVersionRoutingHandler channelRead\nINFO: Detected non-HTTP/2 connection.\n"}}
[debug] [2025-08-17T08:40:23.414Z] Aug 17, 2025 10:40:23 AM io.gapi.emulators.netty.HttpVersionRoutingHandler channelRead
INFO: Detected non-HTTP/2 connection.
 {"metadata":{"emulator":{"name":"firestore"},"message":"Aug 17, 2025 10:40:23 AM io.gapi.emulators.netty.HttpVersionRoutingHandler channelRead\nINFO: Detected non-HTTP/2 connection.\n"}}
[debug] [2025-08-17T08:40:29.652Z] Aug 17, 2025 10:40:29 AM io.gapi.emulators.netty.HttpVersionRoutingHandler channelRead
INFO: Detected non-HTTP/2 connection.
 {"metadata":{"emulator":{"name":"firestore"},"message":"Aug 17, 2025 10:40:29 AM io.gapi.emulators.netty.HttpVersionRoutingHandler channelRead\nINFO: Detected non-HTTP/2 connection.\n"}}
[debug] [2025-08-17T08:40:36.426Z] Aug 17, 2025 10:40:36 AM io.gapi.emulators.netty.HttpVersionRoutingHandler channelRead
INFO: Detected non-HTTP/2 connection.
 {"metadata":{"emulator":{"name":"firestore"},"message":"Aug 17, 2025 10:40:36 AM io.gapi.emulators.netty.HttpVersionRoutingHandler channelRead\nINFO: Detected non-HTTP/2 connection.\n"}}
[debug] [2025-08-17T08:40:36.449Z] Aug 17, 2025 10:40:36 AM io.gapi.emulators.netty.HttpVersionRoutingHandler channelRead
INFO: Detected non-HTTP/2 connection.
 {"metadata":{"emulator":{"name":"firestore"},"message":"Aug 17, 2025 10:40:36 AM io.gapi.emulators.netty.HttpVersionRoutingHandler channelRead\nINFO: Detected non-HTTP/2 connection.\n"}}
[debug] [2025-08-17T08:41:06.459Z] Aug 17, 2025 10:41:06 AM io.gapi.emulators.netty.HttpVersionRoutingHandler channelRead
INFO: Detected non-HTTP/2 connection.
 {"metadata":{"emulator":{"name":"firestore"},"message":"Aug 17, 2025 10:41:06 AM io.gapi.emulators.netty.HttpVersionRoutingHandler channelRead\nINFO: Detected non-HTTP/2 connection.\n"}}
[debug] [2025-08-17T08:41:36.910Z] Aug 17, 2025 10:41:36 AM io.gapi.emulators.netty.HttpVersionRoutingHandler channelRead
INFO: Detected non-HTTP/2 connection.
 {"metadata":{"emulator":{"name":"firestore"},"message":"Aug 17, 2025 10:41:36 AM io.gapi.emulators.netty.HttpVersionRoutingHandler channelRead\nINFO: Detected non-HTTP/2 connection.\n"}}
[debug] [2025-08-17T08:41:36.914Z] Aug 17, 2025 10:41:36 AM com.google.cloud.datastore.emulator.firestore.webchannel.FirestoreV1WebChannelAdapter$FirestoreListenHandler onClose
INFO: channel closed
 {"metadata":{"emulator":{"name":"firestore"},"message":"Aug 17, 2025 10:41:36 AM com.google.cloud.datastore.emulator.firestore.webchannel.FirestoreV1WebChannelAdapter$FirestoreListenHandler onClose\nINFO: channel closed\n"}}
[debug] [2025-08-17T08:46:21.335Z] Aug 17, 2025 10:46:21 AM io.gapi.emulators.netty.HttpVersionRoutingHandler channelRead
INFO: Detected non-HTTP/2 connection.
 {"metadata":{"emulator":{"name":"firestore"},"message":"Aug 17, 2025 10:46:21 AM io.gapi.emulators.netty.HttpVersionRoutingHandler channelRead\nINFO: Detected non-HTTP/2 connection.\n"}}
[debug] [2025-08-17T08:46:21.378Z] Aug 17, 2025 10:46:21 AM io.gapi.emulators.netty.HttpVersionRoutingHandler channelRead
INFO: Detected non-HTTP/2 connection.
 {"metadata":{"emulator":{"name":"firestore"},"message":"Aug 17, 2025 10:46:21 AM io.gapi.emulators.netty.HttpVersionRoutingHandler channelRead\nINFO: Detected non-HTTP/2 connection.\n"}}
[debug] [2025-08-17T08:46:21.388Z] Aug 17, 2025 10:46:21 AM io.gapi.emulators.netty.HttpVersionRoutingHandler channelRead
INFO: Detected non-HTTP/2 connection.
 {"metadata":{"emulator":{"name":"firestore"},"message":"Aug 17, 2025 10:46:21 AM io.gapi.emulators.netty.HttpVersionRoutingHandler channelRead\nINFO: Detected non-HTTP/2 connection.\n"}}
[debug] [2025-08-17T08:46:33.240Z] Aug 17, 2025 10:46:33 AM io.gapi.emulators.netty.HttpVersionRoutingHandler channelRead
INFO: Detected non-HTTP/2 connection.
 {"metadata":{"emulator":{"name":"firestore"},"message":"Aug 17, 2025 10:46:33 AM io.gapi.emulators.netty.HttpVersionRoutingHandler channelRead\nINFO: Detected non-HTTP/2 connection.\n"}}
[debug] [2025-08-17T08:46:33.255Z] Aug 17, 2025 10:46:33 AM io.gapi.emulators.netty.HttpVersionRoutingHandler channelRead
INFO: Detected non-HTTP/2 connection.
 {"metadata":{"emulator":{"name":"firestore"},"message":"Aug 17, 2025 10:46:33 AM io.gapi.emulators.netty.HttpVersionRoutingHandler channelRead\nINFO: Detected non-HTTP/2 connection.\n"}}
[debug] [2025-08-17T08:46:49.942Z] Aug 17, 2025 10:46:49 AM io.gapi.emulators.netty.HttpVersionRoutingHandler channelRead
INFO: Detected non-HTTP/2 connection.
 {"metadata":{"emulator":{"name":"firestore"},"message":"Aug 17, 2025 10:46:49 AM io.gapi.emulators.netty.HttpVersionRoutingHandler channelRead\nINFO: Detected non-HTTP/2 connection.\n"}}
[debug] [2025-08-17T08:46:49.956Z] Aug 17, 2025 10:46:49 AM io.gapi.emulators.netty.HttpVersionRoutingHandler channelRead
INFO: Detected non-HTTP/2 connection.
 {"metadata":{"emulator":{"name":"firestore"},"message":"Aug 17, 2025 10:46:49 AM io.gapi.emulators.netty.HttpVersionRoutingHandler channelRead\nINFO: Detected non-HTTP/2 connection.\n"}}
[debug] [2025-08-17T08:47:19.967Z] Aug 17, 2025 10:47:19 AM io.gapi.emulators.netty.HttpVersionRoutingHandler channelRead
INFO: Detected non-HTTP/2 connection.
 {"metadata":{"emulator":{"name":"firestore"},"message":"Aug 17, 2025 10:47:19 AM io.gapi.emulators.netty.HttpVersionRoutingHandler channelRead\nINFO: Detected non-HTTP/2 connection.\n"}}
[debug] [2025-08-17T08:47:50.919Z] Aug 17, 2025 10:47:50 AM io.gapi.emulators.netty.HttpVersionRoutingHandler channelRead
INFO: Detected non-HTTP/2 connection.
 {"metadata":{"emulator":{"name":"firestore"},"message":"Aug 17, 2025 10:47:50 AM io.gapi.emulators.netty.HttpVersionRoutingHandler channelRead\nINFO: Detected non-HTTP/2 connection.\n"}}
[debug] [2025-08-17T08:47:50.923Z] Aug 17, 2025 10:47:50 AM com.google.cloud.datastore.emulator.firestore.webchannel.FirestoreV1WebChannelAdapter$FirestoreListenHandler onClose
INFO: channel closed
 {"metadata":{"emulator":{"name":"firestore"},"message":"Aug 17, 2025 10:47:50 AM com.google.cloud.datastore.emulator.firestore.webchannel.FirestoreV1WebChannelAdapter$FirestoreListenHandler onClose\nINFO: channel closed\n"}}
[debug] [2025-08-17T09:27:59.998Z] Aug 17, 2025 11:27:59 AM io.gapi.emulators.netty.HttpVersionRoutingHandler channelRead
INFO: Detected non-HTTP/2 connection.
 {"metadata":{"emulator":{"name":"firestore"},"message":"Aug 17, 2025 11:27:59 AM io.gapi.emulators.netty.HttpVersionRoutingHandler channelRead\nINFO: Detected non-HTTP/2 connection.\n"}}
[debug] [2025-08-17T09:28:00.032Z] Aug 17, 2025 11:28:00 AM io.gapi.emulators.netty.HttpVersionRoutingHandler channelRead
INFO: Detected non-HTTP/2 connection.
 {"metadata":{"emulator":{"name":"firestore"},"message":"Aug 17, 2025 11:28:00 AM io.gapi.emulators.netty.HttpVersionRoutingHandler channelRead\nINFO: Detected non-HTTP/2 connection.\n"}}
[debug] [2025-08-17T09:28:00.043Z] Aug 17, 2025 11:28:00 AM io.gapi.emulators.netty.HttpVersionRoutingHandler channelRead
INFO: Detected non-HTTP/2 connection.
 {"metadata":{"emulator":{"name":"firestore"},"message":"Aug 17, 2025 11:28:00 AM io.gapi.emulators.netty.HttpVersionRoutingHandler channelRead\nINFO: Detected non-HTTP/2 connection.\n"}}
[debug] [2025-08-17T09:28:18.697Z] Aug 17, 2025 11:28:18 AM io.gapi.emulators.netty.HttpVersionRoutingHandler channelRead
INFO: Detected non-HTTP/2 connection.
 {"metadata":{"emulator":{"name":"firestore"},"message":"Aug 17, 2025 11:28:18 AM io.gapi.emulators.netty.HttpVersionRoutingHandler channelRead\nINFO: Detected non-HTTP/2 connection.\n"}}
[debug] [2025-08-17T09:28:18.714Z] Aug 17, 2025 11:28:18 AM io.gapi.emulators.netty.HttpVersionRoutingHandler channelRead
INFO: Detected non-HTTP/2 connection.
 {"metadata":{"emulator":{"name":"firestore"},"message":"Aug 17, 2025 11:28:18 AM io.gapi.emulators.netty.HttpVersionRoutingHandler channelRead\nINFO: Detected non-HTTP/2 connection.\n"}}
[debug] [2025-08-17T09:28:21.188Z] Aug 17, 2025 11:28:21 AM io.gapi.emulators.netty.HttpVersionRoutingHandler channelRead
INFO: Detected non-HTTP/2 connection.
 {"metadata":{"emulator":{"name":"firestore"},"message":"Aug 17, 2025 11:28:21 AM io.gapi.emulators.netty.HttpVersionRoutingHandler channelRead\nINFO: Detected non-HTTP/2 connection.\n"}}
[debug] [2025-08-17T09:28:21.206Z] Aug 17, 2025 11:28:21 AM io.gapi.emulators.netty.HttpVersionRoutingHandler channelRead
INFO: Detected non-HTTP/2 connection.
 {"metadata":{"emulator":{"name":"firestore"},"message":"Aug 17, 2025 11:28:21 AM io.gapi.emulators.netty.HttpVersionRoutingHandler channelRead\nINFO: Detected non-HTTP/2 connection.\n"}}
[debug] [2025-08-17T09:28:51.214Z] Aug 17, 2025 11:28:51 AM io.gapi.emulators.netty.HttpVersionRoutingHandler channelRead
INFO: Detected non-HTTP/2 connection.
 {"metadata":{"emulator":{"name":"firestore"},"message":"Aug 17, 2025 11:28:51 AM io.gapi.emulators.netty.HttpVersionRoutingHandler channelRead\nINFO: Detected non-HTTP/2 connection.\n"}}
[debug] [2025-08-17T09:29:21.211Z] Aug 17, 2025 11:29:21 AM io.gapi.emulators.netty.HttpVersionRoutingHandler channelRead
INFO: Detected non-HTTP/2 connection.
 {"metadata":{"emulator":{"name":"firestore"},"message":"Aug 17, 2025 11:29:21 AM io.gapi.emulators.netty.HttpVersionRoutingHandler channelRead\nINFO: Detected non-HTTP/2 connection.\n"}}
[debug] [2025-08-17T09:29:21.216Z] Aug 17, 2025 11:29:21 AM com.google.cloud.datastore.emulator.firestore.webchannel.FirestoreV1WebChannelAdapter$FirestoreListenHandler onClose
INFO: channel closed
 {"metadata":{"emulator":{"name":"firestore"},"message":"Aug 17, 2025 11:29:21 AM com.google.cloud.datastore.emulator.firestore.webchannel.FirestoreV1WebChannelAdapter$FirestoreListenHandler onClose\nINFO: channel closed\n"}}
[debug] [2025-08-17T09:30:00.650Z] Aug 17, 2025 11:30:00 AM io.gapi.emulators.netty.HttpVersionRoutingHandler channelRead
INFO: Detected non-HTTP/2 connection.
 {"metadata":{"emulator":{"name":"firestore"},"message":"Aug 17, 2025 11:30:00 AM io.gapi.emulators.netty.HttpVersionRoutingHandler channelRead\nINFO: Detected non-HTTP/2 connection.\n"}}
[debug] [2025-08-17T09:30:00.659Z] Aug 17, 2025 11:30:00 AM io.gapi.emulators.netty.HttpVersionRoutingHandler channelRead
INFO: Detected HTTP/2 connection.
 {"metadata":{"emulator":{"name":"firestore"},"message":"Aug 17, 2025 11:30:00 AM io.gapi.emulators.netty.HttpVersionRoutingHandler channelRead\nINFO: Detected HTTP/2 connection.\n"}}
[debug] [2025-08-17T09:30:02.923Z] Aug 17, 2025 11:30:02 AM io.gapi.emulators.netty.HttpVersionRoutingHandler channelRead
INFO: Detected non-HTTP/2 connection.
 {"metadata":{"emulator":{"name":"firestore"},"message":"Aug 17, 2025 11:30:02 AM io.gapi.emulators.netty.HttpVersionRoutingHandler channelRead\nINFO: Detected non-HTTP/2 connection.\n"}}
